<?xml version="1.0" encoding="UTF-8"?>
<!-- Generated by org.testng.reporters.JUnitXMLReporter -->
<testsuite hostname="XLH-20160517" name="Test" tests="3" failures="1" timestamp="9 Oct 2016 07:45:11 GMT" time="13.832" errors="0">
  <testcase name="press" time="1.49" classname="appiumtest.AppDemo"/>
  <testcase name="press2" time="12.312" classname="appiumtest.AppDemo"/>
  <testcase name="press3" time="0.005" classname="appiumtest.aaa">
    <failure type="java.lang.NullPointerException">
      <![CDATA[java.lang.NullPointerException
	at appiumtest.aaa.press3(aaa.java:13)
... Removed 25 stack frames]]>
    </failure>
  </testcase> <!-- press3 -->
</testsuite> <!-- Test -->
