<?xml version="1.0" encoding="UTF-8"?>
<testng-results skipped="0" failed="0" total="2" passed="2">
  <reporter-output>
  </reporter-output>
  <suite name="yangyefei" duration-ms="18644" started-at="2016-10-09T17:20:55Z" finished-at="2016-10-09T17:21:13Z">
    <groups>
    </groups>
    <test name="appleTest" duration-ms="18644" started-at="2016-10-09T17:20:55Z" finished-at="2016-10-09T17:21:13Z">
      <class name="AppDemo">
        <test-method status="PASS" signature="setUp()" name="setUp" is-config="true" duration-ms="4614" started-at="2016-10-09T17:20:55Z" finished-at="2016-10-09T17:20:59Z">
        </test-method>
        <test-method status="PASS" signature="press()" name="press" duration-ms="1592" started-at="2016-10-09T17:20:59Z" finished-at="2016-10-09T17:21:01Z">
        </test-method>
        <test-method status="PASS" signature="tearDown()" name="tearDown" is-config="true" duration-ms="417" started-at="2016-10-09T17:21:01Z" finished-at="2016-10-09T17:21:01Z">
        </test-method>
        <test-method status="PASS" signature="setUp()" name="setUp" is-config="true" duration-ms="4441" started-at="2016-10-09T17:21:01Z" finished-at="2016-10-09T17:21:06Z">
        </test-method>
        <test-method status="PASS" signature="press2()" name="press2" duration-ms="7131" started-at="2016-10-09T17:21:06Z" finished-at="2016-10-09T17:21:13Z">
        </test-method>
        <test-method status="PASS" signature="tearDown()" name="tearDown" is-config="true" duration-ms="442" started-at="2016-10-09T17:21:13Z" finished-at="2016-10-09T17:21:13Z">
        </test-method>
      </class>
    </test>
  </suite>
</testng-results>
